{"D:\\Supinfo\\4eme_Annees\\4CITE\\final project\\supinfo-4cite\\backend-api\\test\\auth\\data.mock.ts": {"path":"D:\\Supinfo\\4eme_Annees\\4CITE\\final project\\supinfo-4cite\\backend-api\\test\\auth\\data.mock.ts","statementMap":{"0":{"start":{"line":1,"column":13},"end":{"line":4,"column":null}},"1":{"start":{"line":6,"column":13},"end":{"line":10,"column":null}}},"fnMap":{},"branchMap":{},"s":{"0":2,"1":2},"f":{},"b":{}}
,"D:\\Supinfo\\4eme_Annees\\4CITE\\final project\\supinfo-4cite\\backend-api\\test\\bookings\\data.mock.ts": {"path":"D:\\Supinfo\\4eme_Annees\\4CITE\\final project\\supinfo-4cite\\backend-api\\test\\bookings\\data.mock.ts","statementMap":{"0":{"start":{"line":1,"column":13},"end":{"line":10,"column":null}},"1":{"start":{"line":11,"column":13},"end":{"line":19,"column":null}},"2":{"start":{"line":20,"column":13},"end":{"line":23,"column":null}},"3":{"start":{"line":24,"column":13},"end":{"line":27,"column":null}},"4":{"start":{"line":29,"column":13},"end":{"line":32,"column":null}}},"fnMap":{},"branchMap":{},"s":{"0":1,"1":1,"2":1,"3":1,"4":1},"f":{},"b":{}}
,"D:\\Supinfo\\4eme_Annees\\4CITE\\final project\\supinfo-4cite\\backend-api\\test\\hotels\\data.mock.ts": {"path":"D:\\Supinfo\\4eme_Annees\\4CITE\\final project\\supinfo-4cite\\backend-api\\test\\hotels\\data.mock.ts","statementMap":{"0":{"start":{"line":1,"column":13},"end":{"line":7,"column":null}},"1":{"start":{"line":8,"column":13},"end":{"line":13,"column":null}},"2":{"start":{"line":14,"column":13},"end":{"line":17,"column":null}},"3":{"start":{"line":18,"column":13},"end":{"line":21,"column":null}},"4":{"start":{"line":23,"column":13},"end":{"line":26,"column":null}}},"fnMap":{},"branchMap":{},"s":{"0":1,"1":1,"2":1,"3":1,"4":1},"f":{},"b":{}}
,"D:\\Supinfo\\4eme_Annees\\4CITE\\final project\\supinfo-4cite\\backend-api\\test\\users\\data.mock.ts": {"path":"D:\\Supinfo\\4eme_Annees\\4CITE\\final project\\supinfo-4cite\\backend-api\\test\\users\\data.mock.ts","statementMap":{"0":{"start":{"line":1,"column":13},"end":{"line":4,"column":null}},"1":{"start":{"line":6,"column":13},"end":{"line":9,"column":null}},"2":{"start":{"line":11,"column":13},"end":{"line":14,"column":null}},"3":{"start":{"line":16,"column":13},"end":{"line":19,"column":null}},"4":{"start":{"line":21,"column":13},"end":{"line":25,"column":null}},"5":{"start":{"line":27,"column":13},"end":{"line":31,"column":null}},"6":{"start":{"line":33,"column":13},"end":{"line":37,"column":null}},"7":{"start":{"line":39,"column":13},"end":{"line":41,"column":null}},"8":{"start":{"line":43,"column":13},"end":{"line":45,"column":null}}},"fnMap":{},"branchMap":{},"s":{"0":1,"1":1,"2":1,"3":1,"4":1,"5":1,"6":1,"7":1,"8":1},"f":{},"b":{}}
}
